2019-07-18 10:00:24,665|INFO|main|StatisticsTest|Starting StatisticsTest on Kexuans-Air with PID 10979 (started by kexuanliu in /Users/kexuanliu/projects/crm)
2019-07-18 10:00:24,672|DEBUG|main|StatisticsTest|Running with Spring Boot v2.0.3.RELEASE, Spring v5.0.7.RELEASE
2019-07-18 10:00:24,677|INFO|main|StatisticsTest|No active profile set, falling back to default profiles: default
2019-07-18 10:00:31,324|INFO|main|StatisticsTest|Started StatisticsTest in 8.021 seconds (JVM running for 11.649)
2019-07-18 10:04:03,225|INFO|main|StatisticsTest|Starting StatisticsTest on Kexuans-Air with PID 10988 (started by kexuanliu in /Users/kexuanliu/projects/crm)
2019-07-18 10:04:03,226|DEBUG|main|StatisticsTest|Running with Spring Boot v2.0.3.RELEASE, Spring v5.0.7.RELEASE
2019-07-18 10:04:03,228|INFO|main|StatisticsTest|No active profile set, falling back to default profiles: default
2019-07-18 10:04:08,836|INFO|main|StatisticsTest|Started StatisticsTest in 6.427 seconds (JVM running for 8.628)
2019-07-18 10:05:05,671|INFO|main|StatisticsTest|Starting StatisticsTest on Kexuans-Air with PID 10992 (started by kexuanliu in /Users/kexuanliu/projects/crm)
2019-07-18 10:05:05,671|DEBUG|main|StatisticsTest|Running with Spring Boot v2.0.3.RELEASE, Spring v5.0.7.RELEASE
2019-07-18 10:05:05,673|INFO|main|StatisticsTest|No active profile set, falling back to default profiles: default
2019-07-18 10:05:10,660|INFO|main|StatisticsTest|Started StatisticsTest in 5.913 seconds (JVM running for 8.578)
2019-07-18 10:22:35,420|INFO|main|StatisticsTest|Starting StatisticsTest on Kexuans-Air with PID 11023 (started by kexuanliu in /Users/kexuanliu/projects/crm)
2019-07-18 10:22:35,421|DEBUG|main|StatisticsTest|Running with Spring Boot v2.0.3.RELEASE, Spring v5.0.7.RELEASE
2019-07-18 10:22:35,425|INFO|main|StatisticsTest|No active profile set, falling back to default profiles: default
2019-07-18 10:22:40,805|INFO|main|StatisticsTest|Started StatisticsTest in 6.216 seconds (JVM running for 7.901)
2019-07-18 10:24:28,962|INFO|main|StatisticsTest|Starting StatisticsTest on Kexuans-Air with PID 11027 (started by kexuanliu in /Users/kexuanliu/projects/crm)
2019-07-18 10:24:28,963|DEBUG|main|StatisticsTest|Running with Spring Boot v2.0.3.RELEASE, Spring v5.0.7.RELEASE
2019-07-18 10:24:28,965|INFO|main|StatisticsTest|No active profile set, falling back to default profiles: default
2019-07-18 10:24:33,998|INFO|main|StatisticsTest|Started StatisticsTest in 5.835 seconds (JVM running for 7.662)
2019-07-18 10:25:08,801|INFO|main|StatisticsTest|Starting StatisticsTest on Kexuans-Air with PID 11031 (started by kexuanliu in /Users/kexuanliu/projects/crm)
2019-07-18 10:25:08,802|DEBUG|main|StatisticsTest|Running with Spring Boot v2.0.3.RELEASE, Spring v5.0.7.RELEASE
2019-07-18 10:25:08,804|INFO|main|StatisticsTest|No active profile set, falling back to default profiles: default
2019-07-18 10:25:14,630|INFO|main|StatisticsTest|Started StatisticsTest in 6.898 seconds (JVM running for 8.978)
2019-07-18 10:30:18,543|INFO|main|StatisticsTest|Starting StatisticsTest on Kexuans-Air with PID 11044 (started by kexuanliu in /Users/kexuanliu/projects/crm)
2019-07-18 10:30:18,543|DEBUG|main|StatisticsTest|Running with Spring Boot v2.0.3.RELEASE, Spring v5.0.7.RELEASE
2019-07-18 10:30:18,545|INFO|main|StatisticsTest|No active profile set, falling back to default profiles: default
2019-07-18 10:30:25,718|INFO|main|StatisticsTest|Started StatisticsTest in 8.096 seconds (JVM running for 10.116)
2019-07-18 10:32:11,415|INFO|main|StatisticsTest|Starting StatisticsTest on Kexuans-Air with PID 11048 (started by kexuanliu in /Users/kexuanliu/projects/crm)
2019-07-18 10:32:11,415|DEBUG|main|StatisticsTest|Running with Spring Boot v2.0.3.RELEASE, Spring v5.0.7.RELEASE
2019-07-18 10:32:11,417|INFO|main|StatisticsTest|No active profile set, falling back to default profiles: default
2019-07-18 10:32:16,966|INFO|main|StatisticsTest|Started StatisticsTest in 6.341 seconds (JVM running for 8.008)
2019-07-18 10:32:38,000|INFO|main|StatisticsTest|Starting StatisticsTest on Kexuans-Air with PID 11051 (started by kexuanliu in /Users/kexuanliu/projects/crm)
2019-07-18 10:32:38,001|DEBUG|main|StatisticsTest|Running with Spring Boot v2.0.3.RELEASE, Spring v5.0.7.RELEASE
2019-07-18 10:32:38,006|INFO|main|StatisticsTest|No active profile set, falling back to default profiles: default
2019-07-18 10:32:43,144|INFO|main|StatisticsTest|Started StatisticsTest in 5.888 seconds (JVM running for 7.828)
2019-07-18 10:33:04,805|INFO|main|StatisticsTest|Starting StatisticsTest on Kexuans-Air with PID 11054 (started by kexuanliu in /Users/kexuanliu/projects/crm)
2019-07-18 10:33:04,805|DEBUG|main|StatisticsTest|Running with Spring Boot v2.0.3.RELEASE, Spring v5.0.7.RELEASE
2019-07-18 10:33:04,808|INFO|main|StatisticsTest|No active profile set, falling back to default profiles: default
2019-07-18 10:33:11,551|INFO|main|StatisticsTest|Started StatisticsTest in 7.986 seconds (JVM running for 9.675)
2019-07-18 10:57:08,908|INFO|main|StatisticsTest|Starting StatisticsTest on Kexuans-Air with PID 11127 (started by kexuanliu in /Users/kexuanliu/projects/crm)
2019-07-18 10:57:08,909|DEBUG|main|StatisticsTest|Running with Spring Boot v2.0.3.RELEASE, Spring v5.0.7.RELEASE
2019-07-18 10:57:08,912|INFO|main|StatisticsTest|No active profile set, falling back to default profiles: default
2019-07-18 10:57:16,463|INFO|main|StatisticsTest|Started StatisticsTest in 9.299 seconds (JVM running for 12.092)
2019-07-18 16:39:01,384|INFO|main|StatisticsTest|Starting StatisticsTest on Kexuans-Air with PID 11446 (started by kexuanliu in /Users/kexuanliu/projects/crm)
2019-07-18 16:39:01,385|DEBUG|main|StatisticsTest|Running with Spring Boot v2.0.3.RELEASE, Spring v5.0.7.RELEASE
2019-07-18 16:39:01,390|INFO|main|StatisticsTest|No active profile set, falling back to default profiles: default
2019-07-18 16:39:10,438|INFO|main|StatisticsTest|Started StatisticsTest in 10.336 seconds (JVM running for 16.251)
2019-07-18 16:39:48,613|INFO|restartedMain|CrmApplication|Starting CrmApplication on Kexuans-Air with PID 11452 (/Users/kexuanliu/projects/crm/target/classes started by kexuanliu in /Users/kexuanliu/projects/crm)
2019-07-18 16:39:48,614|DEBUG|restartedMain|CrmApplication|Running with Spring Boot v2.0.3.RELEASE, Spring v5.0.7.RELEASE
2019-07-18 16:39:48,616|INFO|restartedMain|CrmApplication|No active profile set, falling back to default profiles: default
2019-07-18 16:39:54,284|INFO|restartedMain|CrmApplication|Started CrmApplication in 6.34 seconds (JVM running for 7.841)
